[INFO][main.go:25]2021/01/21 21:45:02 [actual pid is %d 77939]
[WARN][upload.go:16]2021/01/21 21:46:31 [request Content-Type isn't multipart/form-data]
[ERROR][recover.go:23]2021/01/21 21:46:31 [panic: %v map[code:400 data:map[] msg:未知的错误]]
[WARN][upload.go:16]2021/01/21 21:46:49 [request Content-Type isn't multipart/form-data]
[ERROR][recover.go:23]2021/01/21 21:46:49 [panic: %v map[code:400 data:map[] msg:未知的错误]]
[INFO][main.go:25]2021/01/21 21:47:45 [actual pid is %d 78114]
[WARN][upload.go:16]2021/01/21 21:47:55 [http: no such file]
[ERROR][recover.go:23]2021/01/21 21:47:55 [panic: %v map[code:400 data:map[] msg:未知的错误]]
[WARN][upload.go:16]2021/01/21 21:48:01 [http: no such file]
[ERROR][recover.go:23]2021/01/21 21:48:01 [panic: %v map[code:400 data:map[] msg:未知的错误]]
[WARN][upload.go:16]2021/01/21 21:48:05 [http: no such file]
[ERROR][recover.go:23]2021/01/21 21:48:05 [panic: %v map[code:400 data:map[] msg:未知的错误]]
[ERROR][main.go:29]2021/01/21 21:48:31 [server start err: %v accept tcp [::]:8000: use of closed network connection]
[INFO][main.go:25]2021/01/21 21:48:34 [actual pid is %d 78159]
[INFO][main.go:25]2021/01/21 22:05:49 [actual pid is %d 78909]
[INFO][main.go:25]2021/01/21 22:14:42 [actual pid is %d 79077]
[INFO][main.go:25]2021/01/21 22:19:28 [actual pid is %d 79290]
[ERROR][recover.go:23]2021/01/21 22:20:17 [panic: %v map[code:400 data:map[] msg:标签不存在]]
[ERROR][main.go:29]2021/01/21 22:22:00 [server start err: %v accept tcp [::]:8000: use of closed network connection]
[INFO][main.go:25]2021/01/21 22:22:04 [actual pid is %d 79356]
[ERROR][main.go:29]2021/01/21 22:23:03 [server start err: %v accept tcp [::]:8000: use of closed network connection]
[INFO][main.go:25]2021/01/21 22:23:09 [actual pid is %d 79397]
[INFO][main.go:25]2021/01/21 22:25:58 [actual pid is %d 79486]
[INFO][main.go:25]2021/01/21 22:28:18 [actual pid is %d 79565]
[INFO][main.go:25]2021/01/21 22:29:08 [actual pid is %d 79622]
